c:\users\阿仓\desktop\黑框框\source\source\temp\release\vc142.pdb
c:\users\阿仓\desktop\黑框框\source\source\temp\release\renderer.obj
c:\users\阿仓\desktop\黑框框\source\source\temp\release\main.obj
c:\users\阿仓\desktop\黑框框\source\source\temp\release\fileloader.obj
c:\users\阿仓\desktop\黑框框\source\source\temp\release\math.obj
c:\users\阿仓\desktop\黑框框\source\source\temp\release\renderpipeline3d.obj
c:\users\阿仓\desktop\黑框框\source\source\temp\release\picture2d.obj
c:\users\阿仓\desktop\黑框框\source\source\temp\release\mesh.obj
c:\users\阿仓\desktop\黑框框\source\source\temp\release\myplayer.obj
c:\users\阿仓\desktop\黑框框\source\source\temp\release\mygame.obj
c:\users\阿仓\desktop\黑框框\source\source\temp\release\camera.obj
c:\users\阿仓\desktop\黑框框\source\source\temp\release\baselogic.obj
c:\users\阿仓\desktop\黑框框\source\source\exec\release\shootthechicken-x64.exe.exe
c:\users\阿仓\desktop\黑框框\source\source\temp\release\shootthechicken-x64.exe.ipdb
c:\users\阿仓\desktop\黑框框\source\source\temp\release\shootthechicken-x64.exe.iobj
c:\users\阿仓\desktop\黑框框\source\source\exec\release\shootthechicken-x64.exe.pdb
c:\users\阿仓\desktop\黑框框\source\source\temp\release\console-.73bc7c11.tlog\cl.command.1.tlog
c:\users\阿仓\desktop\黑框框\source\source\temp\release\console-.73bc7c11.tlog\cl.read.1.tlog
c:\users\阿仓\desktop\黑框框\source\source\temp\release\console-.73bc7c11.tlog\cl.write.1.tlog
c:\users\阿仓\desktop\黑框框\source\source\temp\release\console-.73bc7c11.tlog\link.command.1.tlog
c:\users\阿仓\desktop\黑框框\source\source\temp\release\console-.73bc7c11.tlog\link.read.1.tlog
c:\users\阿仓\desktop\黑框框\source\source\temp\release\console-.73bc7c11.tlog\link.write.1.tlog
